<?xml version="1.0" encoding="UTF-8"?>
<!-- Generated by org.testng.reporters.JUnitReportReporter -->
<testsuite hostname="Admin-PC" failures="0" tests="3" name="javaHybridProject.Topic_01_Check_Environment" time="0.121" errors="0" timestamp="26 May 2023 16:42:28 GMT" skipped="0">
  <testcase classname="javaHybridProject.Topic_01_Check_Environment" name="TC_01_Url" time="0.006"/>
  <testcase classname="javaHybridProject.Topic_01_Check_Environment" name="TC_02_Logo" time="0.061"/>
  <testcase classname="javaHybridProject.Topic_01_Check_Environment" name="TC_03_Form" time="0.054"/>
</testsuite> <!-- javaHybridProject.Topic_01_Check_Environment -->
